<FileConfig ProductName="TEST-11TB" PackageHead="11BLatheCE7_ARM"><Files><File Category="Software" Usage="Test" Hardware="Common" Size_Touch="Common"><Version>10.116.54R</Version><Name>package_a6bb123.zip</Name><Hash>95026f73d953d686d07f7bded87b02a4</Hash><URL>http://www.syntecclub.com.tw/cncrel/QCREL/OQCDB/TEST_11TB/Software/Test/Common/package_a6bb123.zip</URL></File><File Category="Software" Usage="Delivery" Hardware="Common" Size_Touch="Common"><Version>10.116.54R</Version><Name>package_4deb740a.zip</Name><Hash>49bf19f3df2cbc59e22d05edb734c714</Hash><URL>http://www.syntecclub.com.tw/cncrel/QCREL/OQCDB/TEST_11TB/Software/Delivery/Common/package_4deb740a.zip</URL></File><File Category="Packing" Usage="Test" Hardware="Common" Size_Touch="Common"><Version>10.116.54R</Version><Hash>70b105eb6f1705652e660aa35daa29ba</Hash></File><File Category="Packing" Usage="Delivery" Hardware="Common" Size_Touch="Common"><Version>10.116.54R</Version><Hash>f9a644b8a021623d7a26ce6517900c0a</Hash></File><File Category="Image" Usage="Common" Hardware="AM335x" Size_Touch="Common"><Version>7.58.0</Version><Name>WCE7_AM335x_7.58.0.bin</Name><Hash>f87faab036905296bd77556047fbc7fd</Hash><URL>http://www.syntecclub.com.tw/cncrel/7.58.0/ARMCE7_Image/WCE7_AM335x_7.58.0.bin</URL></File></Files></FileConfig>
