<FileConfig ProductName="TEST-11TB" PackageHead="11BLatheCE7_ARM"><Files><File Category="Software" Usage="Test" Hardware="Common"><Version>10.116.54R</Version><Name>package_65108d48.zip</Name><Hash>31905f1fedb8ce592c0910ac9f573a9a</Hash><URL>http://www.syntecclub.com.tw/cncrel/QCREL/OQCDB/TEST_11TB/Software/Test/Common/package_65108d48.zip</URL></File><File Category="Software" Usage="Delivery" Hardware="Common"><Version>10.116.54R</Version><Name>package_26321e1d.zip</Name><Hash>9e6996d02ddaa677b106445364b88eb1</Hash><URL>http://www.syntecclub.com.tw/cncrel/QCREL/OQCDB/TEST_11TB/Software/Delivery/Common/package_26321e1d.zip</URL></File><File Category="Packing" Usage="Test" Hardware="Common"><Version>10.116.54R</Version><Hash>70b105eb6f1705652e660aa35daa29ba</Hash></File><File Category="Packing" Usage="Delivery" Hardware="Common"><Version>10.116.54R</Version><Hash>f9a644b8a021623d7a26ce6517900c0a</Hash></File><File Category="Image" Usage="Common" Hardware="AM335x"><Version>7.55.0</Version><Name>WCE7_AM335x_7.55.0.bin</Name><Hash>32cea1effb04f7cdb7d49c6064d70eae</Hash><URL>http://www.syntecclub.com.tw/cncrel/7.55.0/ARMCE7_Image/WCE7_AM335x_7.55.0.bin</URL></File></Files></FileConfig>
